This is pdfTeX, Version 3.1415926-2.4-1.40.13 (TeX Live 2012/W32TeX) (format=prv_thesis 2013.6.7)  7 JUN 2013 16:40
entering extended mode
 restricted \write18 enabled.
 %&-line parsing enabled.
**&prv_thesis _region_.tex
(./_region_.tex
LaTeX2e <2011/06/27>
Babel <v3.8m> and hyphenation patterns for english, dumylang, nohyphenation, ge
rman-x-2012-05-30, ngerman-x-2012-05-30, afrikaans, ancientgreek, ibycus, arabi
c, armenian, basque, bulgarian, catalan, pinyin, coptic, croatian, czech, danis
h, dutch, ukenglish, usenglishmax, esperanto, estonian, ethiopic, farsi, finnis
h, french, friulan, galician, german, ngerman, swissgerman, monogreek, greek, h
ungarian, icelandic, assamese, bengali, gujarati, hindi, kannada, malayalam, ma
rathi, oriya, panjabi, tamil, telugu, indonesian, interlingua, irish, italian, 
kurmanji, latin, latvian, lithuanian, mongolian, mongolianlmc, bokmal, nynorsk,
 piedmontese, polish, portuguese, romanian, romansh, russian, sanskrit, serbian
, serbianc, slovak, slovenian, spanish, swedish, turkish, turkmen, ukrainian, u
ppersorbian, welsh, loaded.
CUSTOMISED FORMAT. Preloaded files:
        .
  report.cls    2007/10/19 v1.4h Standard LaTeX document class
  size12.clo    2007/10/19 v1.4h Standard LaTeX file (size option)
cuthesis.sty    2003/04/04  v 1.2
   array.sty    2008/09/09 v2.4c Tabular extension package (FMi)
graphicx.sty    1999/02/16 v1.0f Enhanced LaTeX Graphics (DPC,SPQR)
  keyval.sty    1999/03/16 v1.13 key=value parser (DPC)
graphics.sty    2009/02/05 v1.0o Standard LaTeX Graphics (DPC,SPQR)
    trig.sty    1999/03/16 v1.09 sin cos tan (DPC)
graphics.cfg    2010/04/23 v1.9 graphics configuration of TeX Live
  pdftex.def    2011/05/27 v0.06d Graphics/color for pdfTeX
infwarerr.sty    2010/04/08 v1.3 Providing info/warning/error messages (HO)
 ltxcmds.sty    2011/11/09 v1.22 LaTeX kernel commands for general use (HO)
    cite.sty    2010/09/10  v 5.3
subfigure.sty    2002/03/15 v2.1.5 subfigure package
subfigure.cfg
 amsmath.sty    2013/01/14 v2.14 AMS math features
 amstext.sty    2000/06/29 v2.01
  amsgen.sty    1999/11/30 v2.0
  amsbsy.sty    1999/11/29 v1.2d
  amsopn.sty    1999/12/14 v2.01 operator names
 caption.sty    2013/02/03 v3.3-65 Customizing captions (AR)
caption3.sty    2013/02/03 v1.5-62 caption3 kernel (AR)
rotating.sty    2009/03/28 v2.16a rotated objects in LaTeX
  ifthen.sty    2001/05/26 v1.1c Standard LaTeX ifthen package (DPC)
setspace.sty    2011/12/19 v6.7a set line spacing
longtable.sty    2004/02/01 v4.11 Multi-page Table package (DPC)
        .
No file _region_.aux.
LaTeX Font Info:    Checking defaults for OML/cmm/m/it on input line 27.
LaTeX Font Info:    ... okay on input line 27.
LaTeX Font Info:    Checking defaults for T1/cmr/m/n on input line 27.
LaTeX Font Info:    ... okay on input line 27.
LaTeX Font Info:    Checking defaults for OT1/cmr/m/n on input line 27.
LaTeX Font Info:    ... okay on input line 27.
LaTeX Font Info:    Checking defaults for OMS/cmsy/m/n on input line 27.
LaTeX Font Info:    ... okay on input line 27.
LaTeX Font Info:    Checking defaults for OMX/cmex/m/n on input line 27.
LaTeX Font Info:    ... okay on input line 27.
LaTeX Font Info:    Checking defaults for U/cmr/m/n on input line 27.
LaTeX Font Info:    ... okay on input line 27.
(d:/HOME/.emacs.d/elpa/auctex-11.86/latex/preview.sty
Package: preview 2010/02/14 11.86 (AUCTeX/preview-latex)

(d:/HOME/.emacs.d/elpa/auctex-11.86/latex/prtightpage.def
\PreviewBorder=\dimen126
)
(d:/HOME/.emacs.d/elpa/auctex-11.86/latex/prauctex.def
No auxiliary output files.


\hbadness=\count118
\hfuzz=\dimen127
(d:/HOME/.emacs.d/elpa/auctex-11.86/latex/prauctex.cfg))
(d:/HOME/.emacs.d/elpa/auctex-11.86/latex/prfootnotes.def)
\pr@snippet=\count119
\pr@box=\box33
\pr@output=\toks23

Preview: Fontsize 12pt
Preview: PDFoutput 1
) (d:/texlive/2012/texmf-dist/tex/context/base/supp-pdf.mkii
[Loading MPS to PDF converter (version 2006.09.02).]
\scratchcounter=\count120
\scratchdimen=\dimen128
\scratchbox=\box34
\nofMPsegments=\count121
\nofMParguments=\count122
\everyMPshowfont=\toks24
\MPscratchCnt=\count123
\MPscratchDim=\dimen129
\MPnumerator=\count124
\makeMPintoPDFobject=\count125
\everyMPtoPDFconversion=\toks25
) (d:/texlive/2012/texmf-dist/tex/generic/oberdiek/pdftexcmds.sty
Package: pdftexcmds 2011/11/29 v0.20 Utility functions of pdfTeX for LuaTeX (HO
)

(d:/texlive/2012/texmf-dist/tex/generic/oberdiek/ifluatex.sty
Package: ifluatex 2010/03/01 v1.3 Provides the ifluatex switch (HO)
Package ifluatex Info: LuaTeX not detected.
)
(d:/texlive/2012/texmf-dist/tex/generic/oberdiek/ifpdf.sty
Package: ifpdf 2011/01/30 v2.3 Provides the ifpdf switch (HO)
Package ifpdf Info: pdfTeX in PDF mode is detected.
)
Package pdftexcmds Info: LuaTeX not detected.
Package pdftexcmds Info: \pdf@primitive is available.
Package pdftexcmds Info: \pdf@ifprimitive is available.
Package pdftexcmds Info: \pdfdraftmode found.
)
(d:/texlive/2012/texmf-dist/tex/latex/oberdiek/epstopdf-base.sty
Package: epstopdf-base 2010/02/09 v2.5 Base part for package epstopdf

(d:/texlive/2012/texmf-dist/tex/latex/oberdiek/grfext.sty
Package: grfext 2010/08/19 v1.1 Manage graphics extensions (HO)

(d:/texlive/2012/texmf-dist/tex/generic/oberdiek/kvdefinekeys.sty
Package: kvdefinekeys 2011/04/07 v1.3 Define keys (HO)
))
(d:/texlive/2012/texmf-dist/tex/latex/oberdiek/kvoptions.sty
Package: kvoptions 2011/06/30 v3.11 Key value format for package options (HO)

(d:/texlive/2012/texmf-dist/tex/generic/oberdiek/kvsetkeys.sty
Package: kvsetkeys 2012/04/25 v1.16 Key value parser (HO)

(d:/texlive/2012/texmf-dist/tex/generic/oberdiek/etexcmds.sty
Package: etexcmds 2011/02/16 v1.5 Avoid name clashes with e-TeX commands (HO)
Package etexcmds Info: Could not find \expanded.
(etexcmds)             That can mean that you are not using pdfTeX 1.50 or
(etexcmds)             that some package has redefined \expanded.
(etexcmds)             In the latter case, load this package earlier.
)))
Package grfext Info: Graphics extension search list:
(grfext)             [.png,.pdf,.jpg,.mps,.jpeg,.jbig2,.jb2,.PNG,.PDF,.JPG,.JPE
G,.JBIG2,.JB2,.eps]
(grfext)             \AppendGraphicsExtensions on input line 452.

(d:/texlive/2012/texmf-dist/tex/latex/latexconfig/epstopdf-sys.cfg
File: epstopdf-sys.cfg 2010/07/13 v1.3 Configuration of (r)epstopdf for TeX Liv
e
))
Package caption Info: Begin \AtBeginDocument code.
Package caption Info: Incompatible package detected (regarding \caption).
(caption)             \caption = \protected\long macro:->\pr@protect@domacro {}
{##1{}}\pr@\caption .


Package caption Warning: \caption will not be redefined since it's already
(caption)                redefined by a document class or package which is
(caption)                unknown to the caption package.
See the caption package documentation for explanation.

Package caption Info: longtable package is loaded.
(d:/texlive/2012/texmf-dist/tex/latex/caption/ltcaption.sty
Package: ltcaption 2013/02/03 v1.3-62 longtable captions (AR)
)
Package caption Info: rotating package is loaded.
Package caption Info: End \AtBeginDocument code.

 !name(chapter6.tex) !offset(475) 
! Preview: Snippet 1 started.
<-><->
      
l.30 \begin{figure}
                   [h]
Not a real error.

<./Figures/SimulationFigures/Figure47.png, id=1, 793.96625pt x 476.78125pt>
File: ./Figures/SimulationFigures/Figure47.png Graphic file (type png)

<use ./Figures/SimulationFigures/Figure47.png>
Package pdftex.def Info: ./Figures/SimulationFigures/Figure47.png used on input
 line 32.
(pdftex.def)             Requested size: 284.52756pt x 170.86267pt.

Preview: Tightpage -32891 -32891 32891 32891
! Preview: Snippet 1 ended.(12803287+0x28417720).
<-><->
      
l.35 \end{figure}
                 
Not a real error.

[1

{d:/texlive/2012/texmf-var/fonts/map/pdftex/updmap/pdftex.map}


 <./Figures/SimulationFigures/Figure47.png>]
! Preview: Snippet 2 started.
<-><->
      
l.37 \begin{figure}
                   [h]
Not a real error.

<./Figures/SimulationFigures/Figure48.png, id=11, 869.2475pt x 476.78125pt>
File: ./Figures/SimulationFigures/Figure48.png Graphic file (type png)

<use ./Figures/SimulationFigures/Figure48.png>
Package pdftex.def Info: ./Figures/SimulationFigures/Figure48.png used on input
 line 39.
(pdftex.def)             Requested size: 284.52756pt x 156.06516pt.

! Preview: Snippet 2 ended.(11833517+0x28417720).
<-><->
      
l.42 \end{figure}
                 
Not a real error.

[2


 <./Figures/SimulationFigures/Figure48.png>]  !name(thesis.tex) !offset(47) 
No file _region_.bbl.
No file _region_bib.bbl.
 ) 
Here is how much of TeX's memory you used:
 890 strings out of 490366
 14093 string characters out of 3099812
 115929 words of memory out of 3000000
 7233 multiletter control sequences out of 15000+200000
 8837 words of font info for 32 fonts, out of 3000000 for 9000
 957 hyphenation exceptions out of 8191
 38i,7n,36p,246b,306s stack positions out of 5000i,500n,10000p,200000b,50000s
<d:/texlive/2012/texmf-dist/fonts/type1/public/amsfonts/cm/cmbx12.pfb><d:/tex
live/2012/texmf-dist/fonts/type1/public/amsfonts/cm/cmr12.pfb>
Output written on _region_.pdf (2 pages, 167549 bytes).
PDF statistics:
 24 PDF objects out of 1000 (max. 8388607)
 13 compressed objects within 1 object stream
 0 named destinations out of 1000 (max. 500000)
 11 words of extra memory for PDF output out of 10000 (max. 10000000)

