This is pdfTeX, Version 3.1415926-2.4-1.40.13 (TeX Live 2012/W32TeX) (format=pdflatex 2013.5.25)  11 JUN 2013 22:25
entering extended mode
 restricted \write18 enabled.
 %&-line parsing enabled.
**\input thesis.tex
(./thesis.tex (c:/texlive/2012/texmf-dist/tex/latex/base/report.cls
Document Class: report 2007/10/19 v1.4h Standard LaTeX document class
(c:/texlive/2012/texmf-dist/tex/latex/base/size12.clo
File: size12.clo 2007/10/19 v1.4h Standard LaTeX file (size option)
)
\c@part=\count79
\c@chapter=\count80
\c@section=\count81
\c@subsection=\count82
\c@subsubsection=\count83
\c@paragraph=\count84
\c@subparagraph=\count85
\c@figure=\count86
\c@table=\count87
\abovecaptionskip=\skip41
\belowcaptionskip=\skip42
\bibindent=\dimen102
) (./cuthesis.sty
Package: cuthesis 2003/04/04  v 1.2
\c@myfigcount=\count88
\c@mytablecount=\count89
\c@myeqncount=\count90
\c@mychapcitecount=\count91
\c@mychaptercount=\count92
\c@myappendixcount=\count93
)
(c:/texlive/2012/texmf-dist/tex/latex/tools/array.sty
Package: array 2008/09/09 v2.4c Tabular extension package (FMi)
\col@sep=\dimen103
\extrarowheight=\dimen104
\NC@list=\toks14
\extratabsurround=\skip43
\backup@length=\skip44
)
(c:/texlive/2012/texmf-dist/tex/latex/graphics/graphicx.sty
Package: graphicx 1999/02/16 v1.0f Enhanced LaTeX Graphics (DPC,SPQR)

(c:/texlive/2012/texmf-dist/tex/latex/graphics/keyval.sty
Package: keyval 1999/03/16 v1.13 key=value parser (DPC)
\KV@toks@=\toks15
)
(c:/texlive/2012/texmf-dist/tex/latex/graphics/graphics.sty
Package: graphics 2009/02/05 v1.0o Standard LaTeX Graphics (DPC,SPQR)

(c:/texlive/2012/texmf-dist/tex/latex/graphics/trig.sty
Package: trig 1999/03/16 v1.09 sin cos tan (DPC)
)
(c:/texlive/2012/texmf-dist/tex/latex/latexconfig/graphics.cfg
File: graphics.cfg 2010/04/23 v1.9 graphics configuration of TeX Live
)
Package graphics Info: Driver file: pdftex.def on input line 91.

(c:/texlive/2012/texmf-dist/tex/latex/pdftex-def/pdftex.def
File: pdftex.def 2011/05/27 v0.06d Graphics/color for pdfTeX

(c:/texlive/2012/texmf-dist/tex/generic/oberdiek/infwarerr.sty
Package: infwarerr 2010/04/08 v1.3 Providing info/warning/error messages (HO)
)
(c:/texlive/2012/texmf-dist/tex/generic/oberdiek/ltxcmds.sty
Package: ltxcmds 2011/11/09 v1.22 LaTeX kernel commands for general use (HO)
)
\Gread@gobject=\count94
))
\Gin@req@height=\dimen105
\Gin@req@width=\dimen106
)
(c:/texlive/2012/texmf-dist/tex/latex/cite/cite.sty
LaTeX Info: Redefining \cite on input line 302.
LaTeX Info: Redefining \nocite on input line 373.
Package: cite 2010/09/10  v 5.3
)
(c:/texlive/2012/texmf-dist/tex/latex/subfigure/subfigure.sty
Package: subfigure 2002/03/15 v2.1.5 subfigure package
\subfigtopskip=\skip45
\subfigcapskip=\skip46
\subfigcaptopadj=\dimen107
\subfigbottomskip=\skip47
\subfigcapmargin=\dimen108
\subfiglabelskip=\skip48
\c@subfigure=\count95
\c@lofdepth=\count96
\c@subtable=\count97
\c@lotdepth=\count98

****************************************
* Local config file subfigure.cfg used *
****************************************
(c:/texlive/2012/texmf-dist/tex/latex/subfigure/subfigure.cfg)
\subfig@top=\skip49
\subfig@bottom=\skip50
)
(c:/texlive/2012/texmf-dist/tex/latex/amsmath/amsmath.sty
Package: amsmath 2013/01/14 v2.14 AMS math features
\@mathmargin=\skip51

For additional information on amsmath, use the `?' option.
(c:/texlive/2012/texmf-dist/tex/latex/amsmath/amstext.sty
Package: amstext 2000/06/29 v2.01

(c:/texlive/2012/texmf-dist/tex/latex/amsmath/amsgen.sty
File: amsgen.sty 1999/11/30 v2.0
\@emptytoks=\toks16
\ex@=\dimen109
))
(c:/texlive/2012/texmf-dist/tex/latex/amsmath/amsbsy.sty
Package: amsbsy 1999/11/29 v1.2d
\pmbraise@=\dimen110
)
(c:/texlive/2012/texmf-dist/tex/latex/amsmath/amsopn.sty
Package: amsopn 1999/12/14 v2.01 operator names
)
\inf@bad=\count99
LaTeX Info: Redefining \frac on input line 210.
\uproot@=\count100
\leftroot@=\count101
LaTeX Info: Redefining \overline on input line 306.
\classnum@=\count102
\DOTSCASE@=\count103
LaTeX Info: Redefining \ldots on input line 378.
LaTeX Info: Redefining \dots on input line 381.
LaTeX Info: Redefining \cdots on input line 466.
\Mathstrutbox@=\box26
\strutbox@=\box27
\big@size=\dimen111
LaTeX Font Info:    Redeclaring font encoding OML on input line 566.
LaTeX Font Info:    Redeclaring font encoding OMS on input line 567.
\macc@depth=\count104
\c@MaxMatrixCols=\count105
\dotsspace@=\muskip10
\c@parentequation=\count106
\dspbrk@lvl=\count107
\tag@help=\toks17
\row@=\count108
\column@=\count109
\maxfields@=\count110
\andhelp@=\toks18
\eqnshift@=\dimen112
\alignsep@=\dimen113
\tagshift@=\dimen114
\tagwidth@=\dimen115
\totwidth@=\dimen116
\lineht@=\dimen117
\@envbody=\toks19
\multlinegap=\skip52
\multlinetaggap=\skip53
\mathdisplay@stack=\toks20
LaTeX Info: Redefining \[ on input line 2665.
LaTeX Info: Redefining \] on input line 2666.
)
(c:/texlive/2012/texmf-dist/tex/latex/caption/caption.sty
Package: caption 2013/02/03 v3.3-65 Customizing captions (AR)

(c:/texlive/2012/texmf-dist/tex/latex/caption/caption3.sty
Package: caption3 2013/02/03 v1.5-62 caption3 kernel (AR)
\captionmargin=\dimen118
\captionmargin@=\dimen119
\captionwidth=\dimen120
\caption@tempdima=\dimen121
\caption@indent=\dimen122
\caption@parindent=\dimen123
\caption@hangindent=\dimen124
)
\c@ContinuedFloat=\count111
Package caption Info: subfigure package is loaded.
)
(c:/texlive/2012/texmf-dist/tex/latex/rotating/rotating.sty
Package: rotating 2009/03/28 v2.16a rotated objects in LaTeX

(c:/texlive/2012/texmf-dist/tex/latex/base/ifthen.sty
Package: ifthen 2001/05/26 v1.1c Standard LaTeX ifthen package (DPC)
)
\c@r@tfl@t=\count112
\rotFPtop=\skip54
\rotFPbot=\skip55
\rot@float@box=\box28
\rot@mess@toks=\toks21
)
(c:/texlive/2012/texmf-dist/tex/latex/setspace/setspace.sty
Package: setspace 2011/12/19 v6.7a set line spacing
)
(c:/texlive/2012/texmf-dist/tex/latex/tools/longtable.sty
Package: longtable 2004/02/01 v4.11 Multi-page Table package (DPC)
\LTleft=\skip56
\LTright=\skip57
\LTpre=\skip58
\LTpost=\skip59
\LTchunksize=\count113
\LTcapwidth=\dimen125
\LT@head=\box29
\LT@firsthead=\box30
\LT@foot=\box31
\LT@lastfoot=\box32
\LT@cols=\count114
\LT@rows=\count115
\c@LT@tables=\count116
\c@LT@chunks=\count117
\LT@p@ftn=\toks22
)
(c:/texlive/2012/texmf-dist/tex/latex/placeins/placeins.sty
Package: placeins 2005/04/18  v 2.2
) (./thesis.aux
(./chapter1.aux) (./chapter2.aux) (./chapter4.aux) (./chapter6.aux

LaTeX Warning: Label `fig:simfig38-39' multiply defined.

))
\openout1 = `thesis.aux'.

LaTeX Font Info:    Checking defaults for OML/cmm/m/it on input line 27.
LaTeX Font Info:    ... okay on input line 27.
LaTeX Font Info:    Checking defaults for T1/cmr/m/n on input line 27.
LaTeX Font Info:    ... okay on input line 27.
LaTeX Font Info:    Checking defaults for OT1/cmr/m/n on input line 27.
LaTeX Font Info:    ... okay on input line 27.
LaTeX Font Info:    Checking defaults for OMS/cmsy/m/n on input line 27.
LaTeX Font Info:    ... okay on input line 27.
LaTeX Font Info:    Checking defaults for OMX/cmex/m/n on input line 27.
LaTeX Font Info:    ... okay on input line 27.
LaTeX Font Info:    Checking defaults for U/cmr/m/n on input line 27.
LaTeX Font Info:    ... okay on input line 27.
 (c:/texlive/2012/texmf-dist/tex/context/base/supp-pdf.mkii
[Loading MPS to PDF converter (version 2006.09.02).]
\scratchcounter=\count118
\scratchdimen=\dimen126
\scratchbox=\box33
\nofMPsegments=\count119
\nofMParguments=\count120
\everyMPshowfont=\toks23
\MPscratchCnt=\count121
\MPscratchDim=\dimen127
\MPnumerator=\count122
\makeMPintoPDFobject=\count123
\everyMPtoPDFconversion=\toks24
) (c:/texlive/2012/texmf-dist/tex/generic/oberdiek/pdftexcmds.sty
Package: pdftexcmds 2011/11/29 v0.20 Utility functions of pdfTeX for LuaTeX (HO
)

(c:/texlive/2012/texmf-dist/tex/generic/oberdiek/ifluatex.sty
Package: ifluatex 2010/03/01 v1.3 Provides the ifluatex switch (HO)
Package ifluatex Info: LuaTeX not detected.
)
(c:/texlive/2012/texmf-dist/tex/generic/oberdiek/ifpdf.sty
Package: ifpdf 2011/01/30 v2.3 Provides the ifpdf switch (HO)
Package ifpdf Info: pdfTeX in PDF mode is detected.
)
Package pdftexcmds Info: LuaTeX not detected.
Package pdftexcmds Info: \pdf@primitive is available.
Package pdftexcmds Info: \pdf@ifprimitive is available.
Package pdftexcmds Info: \pdfdraftmode found.
)
(c:/texlive/2012/texmf-dist/tex/latex/oberdiek/epstopdf-base.sty
Package: epstopdf-base 2010/02/09 v2.5 Base part for package epstopdf

(c:/texlive/2012/texmf-dist/tex/latex/oberdiek/grfext.sty
Package: grfext 2010/08/19 v1.1 Manage graphics extensions (HO)

(c:/texlive/2012/texmf-dist/tex/generic/oberdiek/kvdefinekeys.sty
Package: kvdefinekeys 2011/04/07 v1.3 Define keys (HO)
))
(c:/texlive/2012/texmf-dist/tex/latex/oberdiek/kvoptions.sty
Package: kvoptions 2011/06/30 v3.11 Key value format for package options (HO)

(c:/texlive/2012/texmf-dist/tex/generic/oberdiek/kvsetkeys.sty
Package: kvsetkeys 2012/04/25 v1.16 Key value parser (HO)

(c:/texlive/2012/texmf-dist/tex/generic/oberdiek/etexcmds.sty
Package: etexcmds 2011/02/16 v1.5 Avoid name clashes with e-TeX commands (HO)
Package etexcmds Info: Could not find \expanded.
(etexcmds)             That can mean that you are not using pdfTeX 1.50 or
(etexcmds)             that some package has redefined \expanded.
(etexcmds)             In the latter case, load this package earlier.
)))
Package grfext Info: Graphics extension search list:
(grfext)             [.png,.pdf,.jpg,.mps,.jpeg,.jbig2,.jb2,.PNG,.PDF,.JPG,.JPE
G,.JBIG2,.JB2,.eps]
(grfext)             \AppendGraphicsExtensions on input line 452.

(c:/texlive/2012/texmf-dist/tex/latex/latexconfig/epstopdf-sys.cfg
File: epstopdf-sys.cfg 2010/07/13 v1.3 Configuration of (r)epstopdf for TeX Liv
e
))
Package caption Info: Begin \AtBeginDocument code.
Package caption Info: longtable package is loaded.

(c:/texlive/2012/texmf-dist/tex/latex/caption/ltcaption.sty
Package: ltcaption 2013/02/03 v1.3-62 longtable captions (AR)
)
Package caption Info: rotating package is loaded.
Package caption Info: End \AtBeginDocument code.
\openout2 = `chapter1.aux'.

 (./chapter1.tex
Chapter 1.
[1



{c:/texlive/2012/texmf-var/fonts/map/pdftex/updmap/pdftex.map}]

LaTeX Warning: Citation `.' on page 2 undefined on input line 57.

[2] <./Figures/ProblemStatement.png, id=11, 395.4775pt x 187.70125pt>
File: ./Figures/ProblemStatement.png Graphic file (type png)

<use ./Figures/ProblemStatement.png>
Package pdftex.def Info: ./Figures/ProblemStatement.png used on input line 68.
(pdftex.def)             Requested size: 300.0048pt x 160.01079pt.
 [3 <./Figures/ProblemStatement.png>]
LaTeX Font Info:    Try loading font information for OMS+cmr on input line 111.


(c:/texlive/2012/texmf-dist/tex/latex/base/omscmr.fd
File: omscmr.fd 1999/05/25 v2.5h Standard LaTeX font definitions
)
LaTeX Font Info:    Font shape `OMS/cmr/m/n' in size <12> not available
(Font)              Font shape `OMS/cmsy/m/n' tried instead on input line 111.
 [4]) [5]
\openout2 = `chapter2.aux'.

 (./chapter2.tex
Chapter 2.
[6



] [7] [8]
Overfull \hbox (28.88951pt too wide) in paragraph at lines 108--108
[]\OT1/cmr/bx/n/14.4 Recursive Prob-a-bilis-tic Es-ti-ma-tion us-ing Ex-tended 
Kalman
 []

[9]

LaTeX Warning: Citation `Huang_2008' on page 10 undefined on input line 162.

[10]
Overfull \hbox (11.50038pt too wide) in paragraph at lines 166--168
[]\OT1/cmr/m/n/12 Huang in-ves-ti-gate fur-ther on prop-er-ties and con-sis-ten
cy of non-lin-ear two-dimentional
 []

) [11]
\openout2 = `chapter4.aux'.

 (./chapter4.tex
Chapter 3.
<./Figures/towed_SUAS.jpg, id=42, 223.58531pt x 252.945pt>
File: ./Figures/towed_SUAS.jpg Graphic file (type jpg)

<use ./Figures/towed_SUAS.jpg>
Package pdftex.def Info: ./Figures/towed_SUAS.jpg used on input line 20.
(pdftex.def)             Requested size: 220.50885pt x 249.47072pt.


LaTeX Warning: `h' float specifier changed to `ht'.

[12



] <./Figures/SUAS.jpg, id=46, 434.37282pt x 103.88812pt>
File: ./Figures/SUAS.jpg Graphic file (type jpg)

<use ./Figures/SUAS.jpg>
Package pdftex.def Info: ./Figures/SUAS.jpg used on input line 46.
(pdftex.def)             Requested size: 398.33858pt x 95.27545pt.

<./Figures/athena.jpg, id=47, 246.9225pt x 155.58125pt>
File: ./Figures/athena.jpg Graphic file (type jpg)

<use ./Figures/athena.jpg>
Package pdftex.def Info: ./Figures/athena.jpg used on input line 47.
(pdftex.def)             Requested size: 170.71652pt x 107.56482pt.

<./Figures/GPS_antenna.jpg, id=48, 148.555pt x 100.375pt>
File: ./Figures/GPS_antenna.jpg Graphic file (type jpg)

<use ./Figures/GPS_antenna.jpg>
Package pdftex.def Info: ./Figures/GPS_antenna.jpg used on input line 48.
(pdftex.def)             Requested size: 170.71652pt x 115.35374pt.


LaTeX Warning: `h' float specifier changed to `ht'.

<./Figures/CDAC_Rack.jpg, id=49, 723.70375pt x 542.025pt>
File: ./Figures/CDAC_Rack.jpg Graphic file (type jpg)

<use ./Figures/CDAC_Rack.jpg>
Package pdftex.def Info: ./Figures/CDAC_Rack.jpg used on input line 56.
(pdftex.def)             Requested size: 341.43306pt x 255.71944pt.


LaTeX Warning: `h' float specifier changed to `ht'.

<./Figures/video_snapshot.jpg, id=50, 283.81032pt x 190.46156pt>
File: ./Figures/video_snapshot.jpg Graphic file (type jpg)

<use ./Figures/video_snapshot.jpg>
Package pdftex.def Info: ./Figures/video_snapshot.jpg used on input line 63.
(pdftex.def)             Requested size: 341.43306pt x 229.15428pt.


LaTeX Warning: `h' float specifier changed to `ht'.

[13 <./Figures/towed_SUAS.jpg>] [14 <./Figures/SUAS.jpg> <./Figures/athena.jpg>
 <./Figures/GPS_antenna.jpg>] [15 <./Figures/CDAC_Rack.jpg>]) [16 <./Figures/vi
deo_snapshot.jpg>]
\openout2 = `chapter5.aux'.

 (./chapter5.tex
Chapter 4.

LaTeX Warning: Reference `fltfig:1' on page 17 undefined on input line 29.

[17



]
! Missing $ inserted.
<inserted text> 
                $
l.36   plot_1fpp_200f2p.jpg}
                            
I've inserted a begin-math/end-math symbol since I think
you left one out. Proceed, with fingers crossed.


LaTeX Warning: File `./Figures/fltfig/d plot_1fpp_200f2p.jpg' not found on inpu
t line 36.

<./Figures/fltfig/d plot_1fpp_200f2p.jpg, id=71, 1204.5pt x 903.375pt>
File: ./Figures/fltfig/d plot_1fpp_200f2p.jpg Graphic file (type jpg)

<use ./Figures/fltfig/d plot_1fpp_200f2p.jpg>
Package pdftex.def Info: ./Figures/fltfig/d plot_1fpp_200f2p.jpg used on input 
line 36.
(pdftex.def)             Requested size: 433.61967pt x 325.50423pt.

! Missing $ inserted.
<inserted text> 
                $
l.36   plot_1fpp_200f2p.jpg}
                            
I've inserted something that you may have forgotten.
(See the <inserted text> above.)
With luck, this will get me unwedged. But if you
really didn't forget anything, try typing `2' now; then
my insertion and my current dilemma will both disappear.


Overfull \hbox (199.22069pt too wide) in paragraph at lines 36--38
 []\OT1/cmr/m/n/12 plot$[]\OML/cmm/m/it/12 fpp[]\OT1/cmr/m/n/12 00\OML/cmm/m/it
/12 f\OT1/cmr/m/n/12 2\OML/cmm/m/it/12 p:jpgplot[]fpp[]\OT1/cmr/m/n/12 00\OML/c
mm/m/it/12 f\OT1/cmr/m/n/12 2\OML/cmm/m/it/12 p:jpg[]$ 
 []

[18 <./Figures/fltfig/d plot_1fpp_200f2p.jpg>]

LaTeX Warning: File `media/image11.eps' not found on input line 73.

Package epstopdf Info: Source file: <media/image11.eps>
(epstopdf)             Output file: <media/image11-eps-converted-to.pdf>
(epstopdf)             Command: <repstopdf --outfile=media/image11-eps-converte
d-to.pdf media/image11.eps>
(epstopdf)             \includegraphics on input line 73.
Package epstopdf Info: Output file is already uptodate.

! Package pdftex.def Error: File `media/image11-eps-converted-to.pdf' not found
.

See the pdftex.def package documentation for explanation.
Type  H <return>  for immediate help.
 ...                                              
                                                  
l.73 ...15.24cm,height=11.44cm]{media/image11.eps}
                                                  
Using draft setting for this image.
Try typing  <return>  to proceed.
If that doesn't work, type  X <return>  to quit.

[19]

LaTeX Warning: File `media/image12.eps' not found on input line 92.

Package epstopdf Info: Source file: <media/image12.eps>
(epstopdf)             Output file: <media/image12-eps-converted-to.pdf>
(epstopdf)             Command: <repstopdf --outfile=media/image12-eps-converte
d-to.pdf media/image12.eps>
(epstopdf)             \includegraphics on input line 92.
Package epstopdf Info: Output file is already uptodate.

! Package pdftex.def Error: File `media/image12-eps-converted-to.pdf' not found
.

See the pdftex.def package documentation for explanation.
Type  H <return>  for immediate help.
 ...                                              
                                                  
l.92 ...15.24cm,height=11.44cm]{media/image12.eps}
                                                  
Using draft setting for this image.
Try typing  <return>  to proceed.
If that doesn't work, type  X <return>  to quit.

[20]

LaTeX Warning: File `media/image13.eps' not found on input line 113.

Package epstopdf Info: Source file: <media/image13.eps>
(epstopdf)             Output file: <media/image13-eps-converted-to.pdf>
(epstopdf)             Command: <repstopdf --outfile=media/image13-eps-converte
d-to.pdf media/image13.eps>
(epstopdf)             \includegraphics on input line 113.
Package epstopdf Info: Output file is already uptodate.

! Package pdftex.def Error: File `media/image13-eps-converted-to.pdf' not found
.

See the pdftex.def package documentation for explanation.
Type  H <return>  for immediate help.
 ...                                              
                                                  
l.113 ...5.24cm,height=11.44cm]{media/image13.eps}
                                                  
Using draft setting for this image.
Try typing  <return>  to proceed.
If that doesn't work, type  X <return>  to quit.


LaTeX Warning: File `media/image14.eps' not found on input line 123.

Package epstopdf Info: Source file: <media/image14.eps>
(epstopdf)             Output file: <media/image14-eps-converted-to.pdf>
(epstopdf)             Command: <repstopdf --outfile=media/image14-eps-converte
d-to.pdf media/image14.eps>
(epstopdf)             \includegraphics on input line 123.
Package epstopdf Info: Output file is already uptodate.

! Package pdftex.def Error: File `media/image14-eps-converted-to.pdf' not found
.

See the pdftex.def package documentation for explanation.
Type  H <return>  for immediate help.
 ...                                              
                                                  
l.123 ...5.24cm,height=11.44cm]{media/image14.eps}
                                                  
Using draft setting for this image.
Try typing  <return>  to proceed.
If that doesn't work, type  X <return>  to quit.


LaTeX Warning: `h' float specifier changed to `ht'.

[21] [22]

LaTeX Warning: File `media/image15.eps' not found on input line 157.

Package epstopdf Info: Source file: <media/image15.eps>
(epstopdf)             Output file: <media/image15-eps-converted-to.pdf>
(epstopdf)             Command: <repstopdf --outfile=media/image15-eps-converte
d-to.pdf media/image15.eps>
(epstopdf)             \includegraphics on input line 157.
Package epstopdf Info: Output file is already uptodate.

! Package pdftex.def Error: File `media/image15-eps-converted-to.pdf' not found
.

See the pdftex.def package documentation for explanation.
Type  H <return>  for immediate help.
 ...                                              
                                                  
l.157 ...5.24cm,height=11.44cm]{media/image15.eps}
                                                  
Using draft setting for this image.
Try typing  <return>  to proceed.
If that doesn't work, type  X <return>  to quit.

[23]

LaTeX Warning: File `media/image16.eps' not found on input line 189.

Package epstopdf Info: Source file: <media/image16.eps>
(epstopdf)             Output file: <media/image16-eps-converted-to.pdf>
(epstopdf)             Command: <repstopdf --outfile=media/image16-eps-converte
d-to.pdf media/image16.eps>
(epstopdf)             \includegraphics on input line 189.
Package epstopdf Info: Output file is already uptodate.

! Package pdftex.def Error: File `media/image16-eps-converted-to.pdf' not found
.

See the pdftex.def package documentation for explanation.
Type  H <return>  for immediate help.
 ...                                              
                                                  
l.189 ...5.24cm,height=11.44cm]{media/image16.eps}
                                                  
Using draft setting for this image.
Try typing  <return>  to proceed.
If that doesn't work, type  X <return>  to quit.


LaTeX Warning: File `media/image17.eps' not found on input line 197.

Package epstopdf Info: Source file: <media/image17.eps>
(epstopdf)             Output file: <media/image17-eps-converted-to.pdf>
(epstopdf)             Command: <repstopdf --outfile=media/image17-eps-converte
d-to.pdf media/image17.eps>
(epstopdf)             \includegraphics on input line 197.
Package epstopdf Info: Output file is already uptodate.

! Package pdftex.def Error: File `media/image17-eps-converted-to.pdf' not found
.

See the pdftex.def package documentation for explanation.
Type  H <return>  for immediate help.
 ...                                              
                                                  
l.197 ...5.24cm,height=11.44cm]{media/image17.eps}
                                                  
Using draft setting for this image.
Try typing  <return>  to proceed.
If that doesn't work, type  X <return>  to quit.


LaTeX Warning: `h' float specifier changed to `ht'.


LaTeX Warning: File `media/image18.eps' not found on input line 203.

Package epstopdf Info: Source file: <media/image18.eps>
(epstopdf)             Output file: <media/image18-eps-converted-to.pdf>
(epstopdf)             Command: <repstopdf --outfile=media/image18-eps-converte
d-to.pdf media/image18.eps>
(epstopdf)             \includegraphics on input line 203.
Package epstopdf Info: Output file is already uptodate.

! Package pdftex.def Error: File `media/image18-eps-converted-to.pdf' not found
.

See the pdftex.def package documentation for explanation.
Type  H <return>  for immediate help.
 ...                                              
                                                  
l.203 ...5.24cm,height=11.44cm]{media/image18.eps}
                                                  
Using draft setting for this image.
Try typing  <return>  to proceed.
If that doesn't work, type  X <return>  to quit.


LaTeX Warning: `h' float specifier changed to `ht'.

[24]

LaTeX Warning: File `media/image19.eps' not found on input line 218.

Package epstopdf Info: Source file: <media/image19.eps>
(epstopdf)             Output file: <media/image19-eps-converted-to.pdf>
(epstopdf)             Command: <repstopdf --outfile=media/image19-eps-converte
d-to.pdf media/image19.eps>
(epstopdf)             \includegraphics on input line 218.
Package epstopdf Info: Output file is already uptodate.

! Package pdftex.def Error: File `media/image19-eps-converted-to.pdf' not found
.

See the pdftex.def package documentation for explanation.
Type  H <return>  for immediate help.
 ...                                              
                                                  
l.218 ...5.24cm,height=11.44cm]{media/image19.eps}
                                                  
Using draft setting for this image.
Try typing  <return>  to proceed.
If that doesn't work, type  X <return>  to quit.


LaTeX Warning: `h' float specifier changed to `ht'.


LaTeX Warning: File `media/image20.eps' not found on input line 228.

Package epstopdf Info: Source file: <media/image20.eps>
(epstopdf)             Output file: <media/image20-eps-converted-to.pdf>
(epstopdf)             Command: <repstopdf --outfile=media/image20-eps-converte
d-to.pdf media/image20.eps>
(epstopdf)             \includegraphics on input line 228.
Package epstopdf Info: Output file is already uptodate.

! Package pdftex.def Error: File `media/image20-eps-converted-to.pdf' not found
.

See the pdftex.def package documentation for explanation.
Type  H <return>  for immediate help.
 ...                                              
                                                  
l.228 ...5.24cm,height=11.44cm]{media/image20.eps}
                                                  
Using draft setting for this image.
Try typing  <return>  to proceed.
If that doesn't work, type  X <return>  to quit.


LaTeX Warning: `h' float specifier changed to `ht'.


LaTeX Warning: File `media/image21.eps' not found on input line 240.

Package epstopdf Info: Source file: <media/image21.eps>
(epstopdf)             Output file: <media/image21-eps-converted-to.pdf>
(epstopdf)             Command: <repstopdf --outfile=media/image21-eps-converte
d-to.pdf media/image21.eps>
(epstopdf)             \includegraphics on input line 240.
Package epstopdf Info: Output file is already uptodate.

! Package pdftex.def Error: File `media/image21-eps-converted-to.pdf' not found
.

See the pdftex.def package documentation for explanation.
Type  H <return>  for immediate help.
 ...                                              
                                                  
l.240 ...5.24cm,height=11.44cm]{media/image21.eps}
                                                  
Using draft setting for this image.
Try typing  <return>  to proceed.
If that doesn't work, type  X <return>  to quit.


LaTeX Warning: `h' float specifier changed to `ht'.


LaTeX Warning: File `media/image22.eps' not found on input line 246.

Package epstopdf Info: Source file: <media/image22.eps>
(epstopdf)             Output file: <media/image22-eps-converted-to.pdf>
(epstopdf)             Command: <repstopdf --outfile=media/image22-eps-converte
d-to.pdf media/image22.eps>
(epstopdf)             \includegraphics on input line 246.
Package epstopdf Info: Output file is already uptodate.

! Package pdftex.def Error: File `media/image22-eps-converted-to.pdf' not found
.

See the pdftex.def package documentation for explanation.
Type  H <return>  for immediate help.
 ...                                              
                                                  
l.246 ...5.24cm,height=11.44cm]{media/image22.eps}
                                                  
Using draft setting for this image.
Try typing  <return>  to proceed.
If that doesn't work, type  X <return>  to quit.


LaTeX Warning: `h' float specifier changed to `ht'.


LaTeX Warning: File `media/image23.eps' not found on input line 252.

Package epstopdf Info: Source file: <media/image23.eps>
(epstopdf)             Output file: <media/image23-eps-converted-to.pdf>
(epstopdf)             Command: <repstopdf --outfile=media/image23-eps-converte
d-to.pdf media/image23.eps>
(epstopdf)             \includegraphics on input line 252.
Package epstopdf Info: Output file is already uptodate.

! Package pdftex.def Error: File `media/image23-eps-converted-to.pdf' not found
.

See the pdftex.def package documentation for explanation.
Type  H <return>  for immediate help.
 ...                                              
                                                  
l.252 ...5.24cm,height=11.44cm]{media/image23.eps}
                                                  
Using draft setting for this image.
Try typing  <return>  to proceed.
If that doesn't work, type  X <return>  to quit.


LaTeX Warning: `h' float specifier changed to `ht'.

[25]

LaTeX Warning: File `media/image24.eps' not found on input line 281.

Package epstopdf Info: Source file: <media/image24.eps>
(epstopdf)             Output file: <media/image24-eps-converted-to.pdf>
(epstopdf)             Command: <repstopdf --outfile=media/image24-eps-converte
d-to.pdf media/image24.eps>
(epstopdf)             \includegraphics on input line 281.
Package epstopdf Info: Output file is already uptodate.

! Package pdftex.def Error: File `media/image24-eps-converted-to.pdf' not found
.

See the pdftex.def package documentation for explanation.
Type  H <return>  for immediate help.
 ...                                              
                                                  
l.281 ...15.24cm,height=7.25cm]{media/image24.eps}
                                                  
Using draft setting for this image.
Try typing  <return>  to proceed.
If that doesn't work, type  X <return>  to quit.

[26]

LaTeX Warning: `h' float specifier changed to `ht'.


LaTeX Warning: File `media/image25.eps' not found on input line 287.

Package epstopdf Info: Source file: <media/image25.eps>
(epstopdf)             Output file: <media/image25-eps-converted-to.pdf>
(epstopdf)             Command: <repstopdf --outfile=media/image25-eps-converte
d-to.pdf media/image25.eps>
(epstopdf)             \includegraphics on input line 287.
Package epstopdf Info: Output file is already uptodate.

! Package pdftex.def Error: File `media/image25-eps-converted-to.pdf' not found
.

See the pdftex.def package documentation for explanation.
Type  H <return>  for immediate help.
 ...                                              
                                                  
l.287 ...5.24cm,height=11.37cm]{media/image25.eps}
                                                  
Using draft setting for this image.
Try typing  <return>  to proceed.
If that doesn't work, type  X <return>  to quit.


LaTeX Warning: `h' float specifier changed to `ht'.

[27]

LaTeX Warning: File `media/image26.eps' not found on input line 317.

Package epstopdf Info: Source file: <media/image26.eps>
(epstopdf)             Output file: <media/image26-eps-converted-to.pdf>
(epstopdf)             Command: <repstopdf --outfile=media/image26-eps-converte
d-to.pdf media/image26.eps>
(epstopdf)             \includegraphics on input line 317.
Package epstopdf Info: Output file is already uptodate.

! Package pdftex.def Error: File `media/image26-eps-converted-to.pdf' not found
.

See the pdftex.def package documentation for explanation.
Type  H <return>  for immediate help.
 ...                                              
                                                  
l.317 ...=7.83cm,height=5.88cm]{media/image26.eps}
                                                  
Using draft setting for this image.
Try typing  <return>  to proceed.
If that doesn't work, type  X <return>  to quit.


LaTeX Warning: File `media/image27.eps' not found on input line 318.

Package epstopdf Info: Source file: <media/image27.eps>
(epstopdf)             Output file: <media/image27-eps-converted-to.pdf>
(epstopdf)             Command: <repstopdf --outfile=media/image27-eps-converte
d-to.pdf media/image27.eps>
(epstopdf)             \includegraphics on input line 318.
Package epstopdf Info: Output file is already uptodate.

! Package pdftex.def Error: File `media/image27-eps-converted-to.pdf' not found
.

See the pdftex.def package documentation for explanation.
Type  H <return>  for immediate help.
 ...                                              
                                                  
l.318 ...=7.59cm,height=5.69cm]{media/image27.eps}
                                                  
Using draft setting for this image.
Try typing  <return>  to proceed.
If that doesn't work, type  X <return>  to quit.


LaTeX Warning: File `media/image28.eps' not found on input line 321.

Package epstopdf Info: Source file: <media/image28.eps>
(epstopdf)             Output file: <media/image28-eps-converted-to.pdf>
(epstopdf)             Command: <repstopdf --outfile=media/image28-eps-converte
d-to.pdf media/image28.eps>
(epstopdf)             \includegraphics on input line 321.
Package epstopdf Info: Output file is already uptodate.

! Package pdftex.def Error: File `media/image28-eps-converted-to.pdf' not found
.

See the pdftex.def package documentation for explanation.
Type  H <return>  for immediate help.
 ...                                              
                                                  
l.321 ...=7.69cm,height=5.77cm]{media/image28.eps}
                                                  
Using draft setting for this image.
Try typing  <return>  to proceed.
If that doesn't work, type  X <return>  to quit.


LaTeX Warning: File `media/image29.eps' not found on input line 322.

Package epstopdf Info: Source file: <media/image29.eps>
(epstopdf)             Output file: <media/image29-eps-converted-to.pdf>
(epstopdf)             Command: <repstopdf --outfile=media/image29-eps-converte
d-to.pdf media/image29.eps>
(epstopdf)             \includegraphics on input line 322.
Package epstopdf Info: Output file is already uptodate.

! Package pdftex.def Error: File `media/image29-eps-converted-to.pdf' not found
.

See the pdftex.def package documentation for explanation.
Type  H <return>  for immediate help.
 ...                                              
                                                  
l.322 ...=7.66cm,height=5.75cm]{media/image29.eps}
                                                  
Using draft setting for this image.
Try typing  <return>  to proceed.
If that doesn't work, type  X <return>  to quit.


Overfull \hbox (32.33916pt too wide) in paragraph at lines 315--326
 [][] 
 []


LaTeX Warning: `h' float specifier changed to `ht'.


LaTeX Warning: `h' float specifier changed to `ht'.

! Undefined control sequence.
<recently read> \Hline 
                       
l.380 \Hline
            
The control sequence at the end of the top line
of your error message was never \def'ed. If you have
misspelled it (e.g., `\hobx'), type `I' and the correct
spelling (e.g., `I\hbox'). Otherwise just continue,
and I'll forget about whatever was undefined.


LaTeX Warning: `h' float specifier changed to `ht'.


LaTeX Warning: `h' float specifier changed to `ht'.

) [28] [29] [30] [31] [32] [33] [34]
\openout2 = `chapter6.aux'.

 (./chapter6.tex
Chapter 5.
[35



]
<./Figures/SimulationFigures/Figure51.png, id=130, 753.81625pt x 478.78876pt>
File: ./Figures/SimulationFigures/Figure51.png Graphic file (type png)

<use ./Figures/SimulationFigures/Figure51.png>
Package pdftex.def Info: ./Figures/SimulationFigures/Figure51.png used on input
 line 57.
(pdftex.def)             Requested size: 341.42262pt x 199.1685pt.


LaTeX Warning: `h' float specifier changed to `ht'.

[36] [37 <./Figures/SimulationFigures/Figure51.png>]
<./Figures/SimulationFigures/Figure1.png, id=140, 1057.9525pt x 430.60875pt>
File: ./Figures/SimulationFigures/Figure1.png Graphic file (type png)

<use ./Figures/SimulationFigures/Figure1.png>
Package pdftex.def Info: ./Figures/SimulationFigures/Figure1.png used on input 
line 96.
(pdftex.def)             Requested size: 426.78955pt x 199.17313pt.
 [38 <./Figures/SimulationFigures/Figure1.png>]
<./Figures/SimulationFigures/Figure6.png, id=145, 468.75125pt x 328.22626pt>
File: ./Figures/SimulationFigures/Figure6.png Graphic file (type png)

<use ./Figures/SimulationFigures/Figure6.png>
Package pdftex.def Info: ./Figures/SimulationFigures/Figure6.png used on input 
line 126.
(pdftex.def)             Requested size: 199.163pt x 142.26642pt.

<./Figures/SimulationFigures/Figure7.png, id=146, 473.77pt x 324.21124pt>
File: ./Figures/SimulationFigures/Figure7.png Graphic file (type png)

<use ./Figures/SimulationFigures/Figure7.png>
Package pdftex.def Info: ./Figures/SimulationFigures/Figure7.png used on input 
line 127.
(pdftex.def)             Requested size: 199.17pt x 142.26256pt.

<./Figures/SimulationFigures/Figure5.png, id=147, 510.90875pt x 327.2225pt>
File: ./Figures/SimulationFigures/Figure5.png Graphic file (type png)

<use ./Figures/SimulationFigures/Figure5.png>
Package pdftex.def Info: ./Figures/SimulationFigures/Figure5.png used on input 
line 128.
(pdftex.def)             Requested size: 199.16785pt x 142.26074pt.

<./Figures/SimulationFigures/Figure8.png, id=148, 481.8pt x 353.32pt>
File: ./Figures/SimulationFigures/Figure8.png Graphic file (type png)

<use ./Figures/SimulationFigures/Figure8.png>
Package pdftex.def Info: ./Figures/SimulationFigures/Figure8.png used on input 
line 129.
(pdftex.def)             Requested size: 199.16399pt x 142.26357pt.
 [39 <./Figures/SimulationFigures/Figure6.png> <./Figures/SimulationFigures/Fig
ure7.png> <./Figures/SimulationFigures/Figure5.png> <./Figures/SimulationFigure
s/Figure8.png>]
<./Figures/SimulationFigures/Figure9.png, id=156, 357.335pt x 480.79625pt>
File: ./Figures/SimulationFigures/Figure9.png Graphic file (type png)

<use ./Figures/SimulationFigures/Figure9.png>
Package pdftex.def Info: ./Figures/SimulationFigures/Figure9.png used on input 
line 178.
(pdftex.def)             Requested size: 128.0374pt x 172.27217pt.

<./Figures/SimulationFigures/Figure10.png, id=157, 358.33875pt x 482.80376pt>
File: ./Figures/SimulationFigures/Figure10.png Graphic file (type png)

<use ./Figures/SimulationFigures/Figure10.png>
Package pdftex.def Info: ./Figures/SimulationFigures/Figure10.png used on input
 line 179.
(pdftex.def)             Requested size: 128.0374pt x 172.51263pt.

<./Figures/SimulationFigures/Figure11.png, id=158, 365.365pt x 480.79625pt>
File: ./Figures/SimulationFigures/Figure11.png Graphic file (type png)

<use ./Figures/SimulationFigures/Figure11.png>
Package pdftex.def Info: ./Figures/SimulationFigures/Figure11.png used on input
 line 180.
(pdftex.def)             Requested size: 128.0374pt x 168.48662pt.

<./Figures/SimulationFigures/Figure12.png, id=159, 358.33875pt x 482.80376pt>
File: ./Figures/SimulationFigures/Figure12.png Graphic file (type png)

<use ./Figures/SimulationFigures/Figure12.png>
Package pdftex.def Info: ./Figures/SimulationFigures/Figure12.png used on input
 line 181.
(pdftex.def)             Requested size: 128.0374pt x 172.51263pt.

<./Figures/SimulationFigures/Figure13.png, id=160, 357.335pt x 480.79625pt>
File: ./Figures/SimulationFigures/Figure13.png Graphic file (type png)

<use ./Figures/SimulationFigures/Figure13.png>
Package pdftex.def Info: ./Figures/SimulationFigures/Figure13.png used on input
 line 182.
(pdftex.def)             Requested size: 128.0374pt x 172.27217pt.


LaTeX Warning: `h' float specifier changed to `ht'.

[40]
<./Figures/SimulationFigures/Figure14.png, id=164, 864.22874pt x 471.7625pt>
File: ./Figures/SimulationFigures/Figure14.png Graphic file (type png)

<use ./Figures/SimulationFigures/Figure14.png>
Package pdftex.def Info: ./Figures/SimulationFigures/Figure14.png used on input
 line 210.
(pdftex.def)             Requested size: 398.33858pt x 217.44528pt.
 [41 <./Figures/SimulationFigures/Figure9.png> <./Figures/SimulationFigures/Fig
ure10.png> <./Figures/SimulationFigures/Figure11.png> <./Figures/SimulationFigu
res/Figure12.png> <./Figures/SimulationFigures/Figure13.png>]
<./Figures/SimulationFigures/Figure20.png, id=173, 512.91624pt x 189.70876pt>
File: ./Figures/SimulationFigures/Figure20.png Graphic file (type png)

<use ./Figures/SimulationFigures/Figure20.png>
Package pdftex.def Info: ./Figures/SimulationFigures/Figure20.png used on input
 line 228.
(pdftex.def)             Requested size: 199.16779pt x 71.13191pt.

<./Figures/SimulationFigures/Figure21.png, id=174, 512.91624pt x 187.70125pt>
File: ./Figures/SimulationFigures/Figure21.png Graphic file (type png)

<use ./Figures/SimulationFigures/Figure21.png>
Package pdftex.def Info: ./Figures/SimulationFigures/Figure21.png used on input
 line 229.
(pdftex.def)             Requested size: 199.16779pt x 71.13245pt.

<./Figures/SimulationFigures/Figure22.png, id=175, 512.91624pt x 189.70876pt>
File: ./Figures/SimulationFigures/Figure22.png Graphic file (type png)

<use ./Figures/SimulationFigures/Figure22.png>
Package pdftex.def Info: ./Figures/SimulationFigures/Figure22.png used on input
 line 230.
(pdftex.def)             Requested size: 199.16779pt x 71.13191pt.

<./Figures/SimulationFigures/Figure23.png, id=176, 512.91624pt x 187.70125pt>
File: ./Figures/SimulationFigures/Figure23.png Graphic file (type png)

<use ./Figures/SimulationFigures/Figure23.png>
Package pdftex.def Info: ./Figures/SimulationFigures/Figure23.png used on input
 line 231.
(pdftex.def)             Requested size: 199.16779pt x 71.13245pt.

<./Figures/SimulationFigures/Figure24.png, id=177, 512.91624pt x 189.70876pt>
File: ./Figures/SimulationFigures/Figure24.png Graphic file (type png)

<use ./Figures/SimulationFigures/Figure24.png>
Package pdftex.def Info: ./Figures/SimulationFigures/Figure24.png used on input
 line 232.
(pdftex.def)             Requested size: 199.16779pt x 71.13191pt.


LaTeX Warning: `h' float specifier changed to `ht'.

[42 <./Figures/SimulationFigures/Figure14.png>]
<./Figures/SimulationFigures/Figure17.png, id=182, 558.085pt x 387.4475pt>
File: ./Figures/SimulationFigures/Figure17.png Graphic file (type png)

<use ./Figures/SimulationFigures/Figure17.png>
Package pdftex.def Info: ./Figures/SimulationFigures/Figure17.png used on input
 line 256.
(pdftex.def)             Requested size: 199.16473pt x 142.26552pt.

<./Figures/SimulationFigures/Figure18.png, id=183, 558.085pt x 387.4475pt>
File: ./Figures/SimulationFigures/Figure18.png Graphic file (type png)

<use ./Figures/SimulationFigures/Figure18.png>
Package pdftex.def Info: ./Figures/SimulationFigures/Figure18.png used on input
 line 257.
(pdftex.def)             Requested size: 199.16473pt x 142.26552pt.

<./Figures/SimulationFigures/Figure19.png, id=184, 558.085pt x 387.4475pt>
File: ./Figures/SimulationFigures/Figure19.png Graphic file (type png)

<use ./Figures/SimulationFigures/Figure19.png>
Package pdftex.def Info: ./Figures/SimulationFigures/Figure19.png used on input
 line 258.
(pdftex.def)             Requested size: 199.16473pt x 142.26552pt.


LaTeX Warning: `h' float specifier changed to `ht'.

[43 <./Figures/SimulationFigures/Figure20.png> <./Figures/SimulationFigures/Fig
ure21.png> <./Figures/SimulationFigures/Figure22.png> <./Figures/SimulationFigu
res/Figure23.png> <./Figures/SimulationFigures/Figure24.png>] [44 <./Figures/Si
mulationFigures/Figure17.png> <./Figures/SimulationFigures/Figure18.png> <./Fig
ures/SimulationFigures/Figure19.png>]
<./Figures/SimulationFigures/Figure25.png, id=200, 650.43pt x 720.6925pt>
File: ./Figures/SimulationFigures/Figure25.png Graphic file (type png)

<use ./Figures/SimulationFigures/Figure25.png>
Package pdftex.def Info: ./Figures/SimulationFigures/Figure25.png used on input
 line 310.
(pdftex.def)             Requested size: 284.53264pt x 341.43076pt.


LaTeX Warning: `h' float specifier changed to `ht'.

<./Figures/SimulationFigures/Figure26.png, id=201, 637.38126pt x 440.64626pt>
File: ./Figures/SimulationFigures/Figure26.png Graphic file (type png)

<use ./Figures/SimulationFigures/Figure26.png>
Package pdftex.def Info: ./Figures/SimulationFigures/Figure26.png used on input
 line 317.
(pdftex.def)             Requested size: 284.52367pt x 199.16978pt.


LaTeX Warning: `h' float specifier changed to `ht'.

[45] [46 <./Figures/SimulationFigures/Figure25.png> <./Figures/SimulationFigure
s/Figure26.png>]
<./Figures/SimulationFigures/Figure34.png, id=210, 357.335pt x 480.79625pt>
File: ./Figures/SimulationFigures/Figure34.png Graphic file (type png)

<use ./Figures/SimulationFigures/Figure34.png>
Package pdftex.def Info: ./Figures/SimulationFigures/Figure34.png used on input
 line 343.
(pdftex.def)             Requested size: 142.26378pt x 191.4127pt.

<./Figures/SimulationFigures/Figure35.png, id=211, 357.335pt x 482.80376pt>
File: ./Figures/SimulationFigures/Figure35.png Graphic file (type png)

<use ./Figures/SimulationFigures/Figure35.png>
Package pdftex.def Info: ./Figures/SimulationFigures/Figure35.png used on input
 line 344.
(pdftex.def)             Requested size: 142.26378pt x 192.21194pt.

<./Figures/SimulationFigures/Figure36.png, id=212, 541.02126pt x 661.47125pt>
File: ./Figures/SimulationFigures/Figure36.png Graphic file (type png)

<use ./Figures/SimulationFigures/Figure36.png>
Package pdftex.def Info: ./Figures/SimulationFigures/Figure36.png used on input
 line 358.
(pdftex.def)             Requested size: 199.16928pt x 243.50916pt.

<./Figures/SimulationFigures/Figure37.png, id=213, 541.02126pt x 661.47125pt>
File: ./Figures/SimulationFigures/Figure37.png Graphic file (type png)

<use ./Figures/SimulationFigures/Figure37.png>
Package pdftex.def Info: ./Figures/SimulationFigures/Figure37.png used on input
 line 359.
(pdftex.def)             Requested size: 199.16928pt x 243.50916pt.
 [47

 <./Figures/SimulationFigures/Figure34.png> <./Figures/SimulationFigures/Figure
35.png>] [48 <./Figures/SimulationFigures/Figure36.png> <./Figures/SimulationFi
gures/Figure37.png>]
<./Figures/SimulationFigures/Figure28.png, id=225, 512.91624pt x 189.70876pt>
File: ./Figures/SimulationFigures/Figure28.png Graphic file (type png)

<use ./Figures/SimulationFigures/Figure28.png>
Package pdftex.def Info: ./Figures/SimulationFigures/Figure28.png used on input
 line 387.
(pdftex.def)             Requested size: 142.26378pt x 52.6173pt.

<./Figures/SimulationFigures/Figure29.png, id=226, 512.91624pt x 187.70125pt>
File: ./Figures/SimulationFigures/Figure29.png Graphic file (type png)

<use ./Figures/SimulationFigures/Figure29.png>
Package pdftex.def Info: ./Figures/SimulationFigures/Figure29.png used on input
 line 388.
(pdftex.def)             Requested size: 142.26378pt x 52.0605pt.

<./Figures/SimulationFigures/Figure32.png, id=227, 700.6175pt x 505.89pt>
File: ./Figures/SimulationFigures/Figure32.png Graphic file (type png)

<use ./Figures/SimulationFigures/Figure32.png>
Package pdftex.def Info: ./Figures/SimulationFigures/Figure32.png used on input
 line 420.
(pdftex.def)             Requested size: 199.16492pt x 142.26576pt.

<./Figures/SimulationFigures/Figure33.png, id=228, 699.61375pt x 505.89pt>
File: ./Figures/SimulationFigures/Figure33.png Graphic file (type png)

<use ./Figures/SimulationFigures/Figure33.png>
Package pdftex.def Info: ./Figures/SimulationFigures/Figure33.png used on input
 line 421.
(pdftex.def)             Requested size: 199.1678pt x 142.26576pt.


LaTeX Warning: `h' float specifier changed to `ht'.

[49 <./Figures/SimulationFigures/Figure28.png> <./Figures/SimulationFigures/Fig
ure29.png>]
<./Figures/SimulationFigures/Figure43.png, id=235, 358.33875pt x 480.79625pt>
File: ./Figures/SimulationFigures/Figure43.png Graphic file (type png)

<use ./Figures/SimulationFigures/Figure43.png>
Package pdftex.def Info: ./Figures/SimulationFigures/Figure43.png used on input
 line 438.
(pdftex.def)             Requested size: 142.26378pt x 190.88449pt.

<./Figures/SimulationFigures/Figure44.png, id=236, 365.365pt x 482.80376pt>
File: ./Figures/SimulationFigures/Figure44.png Graphic file (type png)

<use ./Figures/SimulationFigures/Figure44.png>
Package pdftex.def Info: ./Figures/SimulationFigures/Figure44.png used on input
 line 439.
(pdftex.def)             Requested size: 142.26378pt x 187.99066pt.

<./Figures/SimulationFigures/Figure38.png, id=237, 512.91624pt x 189.70876pt>
File: ./Figures/SimulationFigures/Figure38.png Graphic file (type png)

<use ./Figures/SimulationFigures/Figure38.png>
Package pdftex.def Info: ./Figures/SimulationFigures/Figure38.png used on input
 line 456.
(pdftex.def)             Requested size: 199.16928pt x 73.6648pt.

<./Figures/SimulationFigures/Figure39.png, id=238, 512.91624pt x 187.70125pt>
File: ./Figures/SimulationFigures/Figure39.png Graphic file (type png)

<use ./Figures/SimulationFigures/Figure39.png>
Package pdftex.def Info: ./Figures/SimulationFigures/Figure39.png used on input
 line 457.
(pdftex.def)             Requested size: 199.16928pt x 72.88527pt.
 [50 <./Figures/SimulationFigures/Figure32.png> <./Figures/SimulationFigures/Fi
gure33.png> <./Figures/SimulationFigures/Figure43.png> <./Figures/SimulationFig
ures/Figure44.png>]
<./Figures/SimulationFigures/Figure41.png, id=247, 701.62125pt x 505.89pt>
File: ./Figures/SimulationFigures/Figure41.png Graphic file (type png)

<use ./Figures/SimulationFigures/Figure41.png>
Package pdftex.def Info: ./Figures/SimulationFigures/Figure41.png used on input
 line 481.
(pdftex.def)             Requested size: 199.16928pt x 143.60892pt.

<./Figures/SimulationFigures/Figure42.png, id=248, 700.6175pt x 505.89pt>
File: ./Figures/SimulationFigures/Figure42.png Graphic file (type png)

<use ./Figures/SimulationFigures/Figure42.png>
Package pdftex.def Info: ./Figures/SimulationFigures/Figure42.png used on input
 line 482.
(pdftex.def)             Requested size: 199.16928pt x 143.80962pt.
 [51 <./Figures/SimulationFigures/Figure38.png> <./Figures/SimulationFigures/Fi
gure39.png> <./Figures/SimulationFigures/Figure41.png> <./Figures/SimulationFig
ures/Figure42.png>]
<./Figures/SimulationFigures/Figure47.png, id=256, 358.33875pt x 473.77pt>
File: ./Figures/SimulationFigures/Figure47.png Graphic file (type png)

<use ./Figures/SimulationFigures/Figure47.png>
Package pdftex.def Info: ./Figures/SimulationFigures/Figure47.png used on input
 line 512.
(pdftex.def)             Requested size: 142.26378pt x 188.09496pt.

<./Figures/SimulationFigures/Figure48.png, id=257, 727.71875pt x 476.78125pt>
File: ./Figures/SimulationFigures/Figure48.png Graphic file (type png)

<use ./Figures/SimulationFigures/Figure48.png>
Package pdftex.def Info: ./Figures/SimulationFigures/Figure48.png used on input
 line 513.
(pdftex.def)             Requested size: 256.0748pt x 167.77805pt.
 [52 <./Figures/SimulationFigures/Figure47.png> <./Figures/SimulationFigures/Fi
gure48.png>]
<./Figures/SimulationFigures/Figure45.png, id=263, 512.91624pt x 188.705pt>
File: ./Figures/SimulationFigures/Figure45.png Graphic file (type png)

<use ./Figures/SimulationFigures/Figure45.png>
Package pdftex.def Info: ./Figures/SimulationFigures/Figure45.png used on input
 line 531.
(pdftex.def)             Requested size: 284.52756pt x 104.68068pt.

<./Figures/SimulationFigures/Figure46.png, id=264, 745.78625pt x 505.89pt>
File: ./Figures/SimulationFigures/Figure46.png Graphic file (type png)

<use ./Figures/SimulationFigures/Figure46.png>
Package pdftex.def Info: ./Figures/SimulationFigures/Figure46.png used on input
 line 538.
(pdftex.def)             Requested size: 284.52756pt x 193.0044pt.
 [53 <./Figures/SimulationFigures/Figure45.png> <./Figures/SimulationFigures/Fi
gure46.png>]
<./Figures/SimulationFigures/Figure50.png, id=270, 763.85374pt x 510.90875pt>
File: ./Figures/SimulationFigures/Figure50.png Graphic file (type png)

<use ./Figures/SimulationFigures/Figure50.png>
Package pdftex.def Info: ./Figures/SimulationFigures/Figure50.png used on input
 line 555.
(pdftex.def)             Requested size: 284.52756pt x 190.304pt.

<./Figures/SimulationFigures/Figure49.png, id=271, 767.86874pt x 314.17375pt>
File: ./Figures/SimulationFigures/Figure49.png Graphic file (type png)

<use ./Figures/SimulationFigures/Figure49.png>
Package pdftex.def Info: ./Figures/SimulationFigures/Figure49.png used on input
 line 556.
(pdftex.def)             Requested size: 284.52756pt x 116.41504pt.
) [54 <./Figures/SimulationFigures/Figure50.png> <./Figures/SimulationFigures/F
igure49.png>] [55] (./thesis.bbl
Underfull \hbox (badness 10000) in paragraph at lines 5--8
[]\OT1/cmr/m/n/12 ``Athena 111m in-te-grated flight con-trol sys-tem.''
 []


Overfull \hbox (334.07425pt too wide) in paragraph at lines 5--8
\OT1/cmr/m/n/12 http://www.rockwellcollins.com/sitecore/content/Data/Products/C
ontrols/Flight[]Controls/Athena[]111m[]Integrated[]Flight[]Control[]System.aspx
. 
 []


Underfull \hbox (badness 10000) in paragraph at lines 10--12
[]\OT1/cmr/m/n/12 ``CGIAR-CSI SRTM 90m DEM dig-i-tal el-e-va-tion database.''
 []


Underfull \hbox (badness 10000) in paragraph at lines 14--16
[]\OT1/cmr/m/n/12 ``World geode-tic sys-tem - wikipedia, the free en-cy-clo-pe-
dia.''
 []


Underfull \hbox (badness 1552) in paragraph at lines 19--21
[]\OT1/cmr/m/n/12 ``pyproj - python in-ter-face to PROJ.4 li-brary - google pro
ject host-ing.''
 []

) [56


]
No file thesisbib.bbl.
(./thesis.aux (./chapter1.aux) (./chapter2.aux) (./chapter4.aux)
(./chapter5.aux) (./chapter6.aux))

LaTeX Warning: There were undefined references.


LaTeX Warning: There were multiply-defined labels.

 ) 
Here is how much of TeX's memory you used:
 4220 strings out of 494382
 66859 string characters out of 3167781
 123197 words of memory out of 3000000
 7280 multiletter control sequences out of 15000+200000
 10409 words of font info for 38 fonts, out of 3000000 for 9000
 459 hyphenation exceptions out of 8191
 38i,11n,38p,290b,299s stack positions out of 5000i,500n,10000p,200000b,50000s
<c:/texlive/2012/texmf-dist/fonts/type1/public/amsfonts/cm/cmbx12.pfb><c:/tex
live/2012/texmf-dist/fonts/type1/public/amsfonts/cm/cmex10.pfb><c:/texlive/2012
/texmf-dist/fonts/type1/public/amsfonts/cm/cmmi10.pfb><c:/texlive/2012/texmf-di
st/fonts/type1/public/amsfonts/cm/cmmi12.pfb><c:/texlive/2012/texmf-dist/fonts/
type1/public/amsfonts/cm/cmmi8.pfb><c:/texlive/2012/texmf-dist/fonts/type1/publ
ic/amsfonts/cm/cmr12.pfb><c:/texlive/2012/texmf-dist/fonts/type1/public/amsfont
s/cm/cmr8.pfb><c:/texlive/2012/texmf-dist/fonts/type1/public/amsfonts/cm/cmsy10
.pfb><c:/texlive/2012/texmf-dist/fonts/type1/public/amsfonts/cm/cmsy8.pfb><c:/t
exlive/2012/texmf-dist/fonts/type1/public/amsfonts/cm/cmtt12.pfb>
Output written on thesis.pdf (56 pages, 2706613 bytes).
PDF statistics:
 319 PDF objects out of 1000 (max. 8388607)
 157 compressed objects within 2 object streams
 0 named destinations out of 1000 (max. 500000)
 251 words of extra memory for PDF output out of 10000 (max. 10000000)

